This file contains any messages produced by compilers while
running configure, to aid debugging if configure makes a mistake.

It was created by nauty configure 2.9.1, which was
generated by GNU Autoconf 2.72.  Invocation command line was

  $ ./configure

## --------- ##
## Platform. ##
## --------- ##

hostname = shindesktop
uname -m = x86_64
uname -r = 5.15.167.4-microsoft-standard-WSL2
uname -s = Linux
uname -v = #1 SMP Tue Nov 5 00:21:55 UTC 2024

/usr/bin/uname -p = x86_64
/bin/uname -X     = unknown

/bin/arch              = x86_64
/usr/bin/arch -k       = unknown
/usr/convex/getsysinfo = unknown
/usr/bin/hostinfo      = unknown
/bin/machine           = unknown
/usr/bin/oslevel       = unknown
/bin/universe          = unknown

PATH: /usr/local/sbin/
PATH: /usr/local/bin/
PATH: /usr/sbin/
PATH: /usr/bin/
PATH: /sbin/
PATH: /bin/
PATH: /usr/games/
PATH: /usr/local/games/
PATH: /usr/lib/wsl/lib/
PATH: /mnt/c/Program Files (x86)/Common Files/Intel/Shared Libraries/redist/intel64_win/compiler/
PATH: /mnt/c/Program Files (x86)/Common Files/Oracle/Java/javapath/
PATH: /mnt/c/Windows/system32/
PATH: /mnt/c/Windows/
PATH: /mnt/c/Windows/System32/Wbem/
PATH: /mnt/c/Windows/System32/WindowsPowerShell/v1.0/
PATH: /mnt/c/Windows/System32/OpenSSH/
PATH: /mnt/c/Program Files (x86)/NVIDIA Corporation/PhysX/Common/
PATH: /mnt/c/Program Files/dotnet/
PATH: /mnt/c/WINDOWS/system32/
PATH: /mnt/c/WINDOWS/
PATH: /mnt/c/WINDOWS/System32/Wbem/
PATH: /mnt/c/WINDOWS/System32/WindowsPowerShell/v1.0/
PATH: /mnt/c/WINDOWS/System32/OpenSSH/
PATH: /mnt/c/Program Files/Git/cmd/
PATH: /mnt/c/Program Files/Docker/Docker/resources/bin/
PATH: /mnt/c/Program Files/NVIDIA Corporation/NVIDIA App/NvDLISR/
PATH: /mnt/c/Users/shint/AppData/Local/Programs/Python/Python313/Scripts/
PATH: /mnt/c/Users/shint/AppData/Local/Programs/Python/Python313/
PATH: /mnt/c/Users/shint/.cargo/bin/
PATH: /mnt/c/Users/shint/AppData/Local/Microsoft/WindowsApps/
PATH: /mnt/c/Users/shint/AppData/Local/Programs/Microsoft VS Code/bin/
PATH: /mnt/c/texlive/2025/bin/windows/
PATH: /snap/bin/


## ----------- ##
## Core tests. ##
## ----------- ##

configure:2830: looking for aux files: ltmain.sh install-sh config.guess config.sub
configure:2843:  trying ./
configure:2872:   ./ltmain.sh found
configure:2854:   ./install-sh found
configure:2872:   ./config.guess found
configure:2872:   ./config.sub found
configure:3152: checking build system type
configure:3168: result: x86_64-pc-linux-gnu
configure:3188: checking host system type
configure:3203: result: x86_64-pc-linux-gnu
configure:3319: checking for gcc
configure:3340: found /usr/bin/gcc
configure:3352: result: gcc
configure:3711: checking for C compiler version
configure:3720: gcc --version >&5
gcc (Ubuntu 13.3.0-6ubuntu2~24.04) 13.3.0
Copyright (C) 2023 Free Software Foundation, Inc.
This is free software; see the source for copying conditions.  There is NO
warranty; not even for MERCHANTABILITY or FITNESS FOR A PARTICULAR PURPOSE.

configure:3731: $? = 0
configure:3720: gcc -v >&5
Using built-in specs.
COLLECT_GCC=gcc
COLLECT_LTO_WRAPPER=/usr/libexec/gcc/x86_64-linux-gnu/13/lto-wrapper
OFFLOAD_TARGET_NAMES=nvptx-none:amdgcn-amdhsa
OFFLOAD_TARGET_DEFAULT=1
Target: x86_64-linux-gnu
Configured with: ../src/configure -v --with-pkgversion='Ubuntu 13.3.0-6ubuntu2~24.04' --with-bugurl=file:///usr/share/doc/gcc-13/README.Bugs --enable-languages=c,ada,c++,go,d,fortran,objc,obj-c++,m2 --prefix=/usr --with-gcc-major-version-only --program-suffix=-13 --program-prefix=x86_64-linux-gnu- --enable-shared --enable-linker-build-id --libexecdir=/usr/libexec --without-included-gettext --enable-threads=posix --libdir=/usr/lib --enable-nls --enable-bootstrap --enable-clocale=gnu --enable-libstdcxx-debug --enable-libstdcxx-time=yes --with-default-libstdcxx-abi=new --enable-libstdcxx-backtrace --enable-gnu-unique-object --disable-vtable-verify --enable-plugin --enable-default-pie --with-system-zlib --enable-libphobos-checking=release --with-target-system-zlib=auto --enable-objc-gc=auto --enable-multiarch --disable-werror --enable-cet --with-arch-32=i686 --with-abi=m64 --with-multilib-list=m32,m64,mx32 --enable-multilib --with-tune=generic --enable-offload-targets=nvptx-none=/build/gcc-13-fG75Ri/gcc-13-13.3.0/debian/tmp-nvptx/usr,amdgcn-amdhsa=/build/gcc-13-fG75Ri/gcc-13-13.3.0/debian/tmp-gcn/usr --enable-offload-defaulted --without-cuda-driver --enable-checking=release --build=x86_64-linux-gnu --host=x86_64-linux-gnu --target=x86_64-linux-gnu --with-build-config=bootstrap-lto-lean --enable-link-serialization=2
Thread model: posix
Supported LTO compression algorithms: zlib zstd
gcc version 13.3.0 (Ubuntu 13.3.0-6ubuntu2~24.04) 
... rest of stderr output deleted ...
configure:3731: $? = 0
configure:3720: gcc -V >&5
gcc: error: unrecognized command-line option '-V'
gcc: fatal error: no input files
compilation terminated.
configure:3731: $? = 1
configure:3720: gcc -qversion >&5
gcc: error: unrecognized command-line option '-qversion'; did you mean '--version'?
gcc: fatal error: no input files
compilation terminated.
configure:3731: $? = 1
configure:3720: gcc -version >&5
gcc: error: unrecognized command-line option '-version'
gcc: fatal error: no input files
compilation terminated.
configure:3731: $? = 1
configure:3751: checking whether the C compiler works
configure:3773: gcc    conftest.c  >&5
configure:3777: $? = 0
configure:3828: result: yes
configure:3832: checking for C compiler default output file name
configure:3834: result: a.out
configure:3840: checking for suffix of executables
configure:3847: gcc -o conftest    conftest.c  >&5
configure:3851: $? = 0
configure:3875: result: 
configure:3899: checking whether we are cross compiling
configure:3907: gcc -o conftest    conftest.c  >&5
configure:3911: $? = 0
configure:3918: ./conftest
configure:3922: $? = 0
configure:3937: result: no
configure:3943: checking for suffix of object files
configure:3966: gcc -c   conftest.c >&5
configure:3970: $? = 0
configure:3994: result: o
configure:3998: checking whether the compiler supports GNU C
configure:4018: gcc -c   conftest.c >&5
configure:4018: $? = 0
configure:4030: result: yes
configure:4041: checking whether gcc accepts -g
configure:4062: gcc -c -g  conftest.c >&5
configure:4062: $? = 0
configure:4109: result: yes
configure:4129: checking for gcc option to enable C11 features
configure:4144: gcc  -c -g -O2  conftest.c >&5
configure:4144: $? = 0
configure:4163: result: none needed
configure:4292: checking for gcc option to enable large file support
configure:4327: gcc -c   conftest.c >&5
configure:4327: $? = 0
configure:4333: gcc -DFTYPE=ino_t -c   conftest.c >&5
configure:4333: $? = 0
configure:4358: result: none needed
configure:4482: checking for declarations of fseeko and ftello
configure:4515: gcc -c   conftest.c >&5
configure:4515: $? = 0
configure:4561: result: yes
configure:4656: checking if gcc supports -O4 -Werror flags
configure:4672: gcc -c -O4 -Werror  conftest.c >&5
configure:4672: $? = 0
configure:4681: result: yes
configure:4768: checking for sys/wait.h that is POSIX.1 compatible
configure:4795: gcc -c  -O4  conftest.c >&5
configure:4795: $? = 0
configure:4805: result: yes
configure:4817: checking for stdio.h
configure:4817: gcc -c  -O4  conftest.c >&5
configure:4817: $? = 0
configure:4817: result: yes
configure:4817: checking for stdlib.h
configure:4817: gcc -c  -O4  conftest.c >&5
configure:4817: $? = 0
configure:4817: result: yes
configure:4817: checking for string.h
configure:4817: gcc -c  -O4  conftest.c >&5
configure:4817: $? = 0
configure:4817: result: yes
configure:4817: checking for inttypes.h
configure:4817: gcc -c  -O4  conftest.c >&5
configure:4817: $? = 0
configure:4817: result: yes
configure:4817: checking for stdint.h
configure:4817: gcc -c  -O4  conftest.c >&5
configure:4817: $? = 0
configure:4817: result: yes
configure:4817: checking for strings.h
configure:4817: gcc -c  -O4  conftest.c >&5
configure:4817: $? = 0
configure:4817: result: yes
configure:4817: checking for sys/stat.h
configure:4817: gcc -c  -O4  conftest.c >&5
configure:4817: $? = 0
configure:4817: result: yes
configure:4817: checking for sys/types.h
configure:4817: gcc -c  -O4  conftest.c >&5
configure:4817: $? = 0
configure:4817: result: yes
configure:4817: checking for unistd.h
configure:4817: gcc -c  -O4  conftest.c >&5
configure:4817: $? = 0
configure:4817: result: yes
configure:4817: checking for vfork.h
configure:4817: gcc -c  -O4  conftest.c >&5
conftest.c:48:10: fatal error: vfork.h: No such file or directory
   48 | #include <vfork.h>
      |          ^~~~~~~~~
compilation terminated.
configure:4817: $? = 1
configure: failed program was:
| /* confdefs.h */
| #define PACKAGE_NAME "nauty"
| #define PACKAGE_TARNAME "nauty"
| #define PACKAGE_VERSION "2.9.1"
| #define PACKAGE_STRING "nauty 2.9.1"
| #define PACKAGE_BUGREPORT "brendan.mckay@anu.edu.au"
| #define PACKAGE_URL ""
| #define HAVE_FSEEKO 1
| #define HAVE_SYS_WAIT_H 1
| #define HAVE_STDIO_H 1
| #define HAVE_STDLIB_H 1
| #define HAVE_STRING_H 1
| #define HAVE_INTTYPES_H 1
| #define HAVE_STDINT_H 1
| #define HAVE_STRINGS_H 1
| #define HAVE_SYS_STAT_H 1
| #define HAVE_SYS_TYPES_H 1
| #define HAVE_UNISTD_H 1
| /* end confdefs.h.  */
| #include <stddef.h>
| #ifdef HAVE_STDIO_H
| # include <stdio.h>
| #endif
| #ifdef HAVE_STDLIB_H
| # include <stdlib.h>
| #endif
| #ifdef HAVE_STRING_H
| # include <string.h>
| #endif
| #ifdef HAVE_INTTYPES_H
| # include <inttypes.h>
| #endif
| #ifdef HAVE_STDINT_H
| # include <stdint.h>
| #endif
| #ifdef HAVE_STRINGS_H
| # include <strings.h>
| #endif
| #ifdef HAVE_SYS_TYPES_H
| # include <sys/types.h>
| #endif
| #ifdef HAVE_SYS_STAT_H
| # include <sys/stat.h>
| #endif
| #ifdef HAVE_UNISTD_H
| # include <unistd.h>
| #endif
| #include <vfork.h>
configure:4817: result: no
configure:4842: checking for signal.h
configure:4842: gcc -c  -O4  conftest.c >&5
configure:4842: $? = 0
configure:4842: result: yes
configure:4848: checking for stddef.h
configure:4848: gcc -c  -O4  conftest.c >&5
configure:4848: $? = 0
configure:4848: result: yes
configure:4854: checking for unistd.h
configure:4854: result: yes
configure:4860: checking for sys/types.h
configure:4860: result: yes
configure:4866: checking for sys/wait.h
configure:4866: result: yes
configure:4872: checking for stdlib.h
configure:4872: result: yes
configure:4878: checking for string.h
configure:4878: result: yes
configure:4884: checking for errno.h
configure:4884: gcc -c  -O4  conftest.c >&5
configure:4884: $? = 0
configure:4884: result: yes
configure:4890: checking for limits.h
configure:4890: gcc -c  -O4  conftest.c >&5
configure:4890: $? = 0
configure:4890: result: yes
configure:4896: checking for stdint.h
configure:4896: result: yes
configure:4902: checking for endian.h
configure:4902: gcc -c  -O4  conftest.c >&5
configure:4902: $? = 0
configure:4902: result: yes
configure:4977: checking for pid_t
configure:4977: gcc -c  -O4  conftest.c >&5
configure:4977: $? = 0
configure:4977: gcc -c  -O4  conftest.c >&5
conftest.c: In function 'main':
conftest.c:64:20: error: expected expression before ')' token
   64 | if (sizeof ((pid_t)))
      |                    ^
configure:4977: $? = 1
configure: failed program was:
| /* confdefs.h */
| #define PACKAGE_NAME "nauty"
| #define PACKAGE_TARNAME "nauty"
| #define PACKAGE_VERSION "2.9.1"
| #define PACKAGE_STRING "nauty 2.9.1"
| #define PACKAGE_BUGREPORT "brendan.mckay@anu.edu.au"
| #define PACKAGE_URL ""
| #define HAVE_FSEEKO 1
| #define HAVE_SYS_WAIT_H 1
| #define HAVE_STDIO_H 1
| #define HAVE_STDLIB_H 1
| #define HAVE_STRING_H 1
| #define HAVE_INTTYPES_H 1
| #define HAVE_STDINT_H 1
| #define HAVE_STRINGS_H 1
| #define HAVE_SYS_STAT_H 1
| #define HAVE_SYS_TYPES_H 1
| #define HAVE_UNISTD_H 1
| #define STDC_HEADERS 1
| #define HAVE_SIGNAL_H 1
| #define HAVE_STDDEF_H 1
| #define HAVE_UNISTD_H 1
| #define HAVE_SYS_TYPES_H 1
| #define HAVE_SYS_WAIT_H 1
| #define HAVE_STDLIB_H 1
| #define HAVE_STRING_H 1
| #define HAVE_ERRNO_H 1
| #define HAVE_LIMITS_H 1
| #define HAVE_STDINT_H 1
| #define HAVE_ENDIAN_H 1
| /* end confdefs.h.  */
| #include <stddef.h>
| #ifdef HAVE_STDIO_H
| # include <stdio.h>
| #endif
| #ifdef HAVE_STDLIB_H
| # include <stdlib.h>
| #endif
| #ifdef HAVE_STRING_H
| # include <string.h>
| #endif
| #ifdef HAVE_INTTYPES_H
| # include <inttypes.h>
| #endif
| #ifdef HAVE_STDINT_H
| # include <stdint.h>
| #endif
| #ifdef HAVE_STRINGS_H
| # include <strings.h>
| #endif
| #ifdef HAVE_SYS_TYPES_H
| # include <sys/types.h>
| #endif
| #ifdef HAVE_SYS_STAT_H
| # include <sys/stat.h>
| #endif
| #ifdef HAVE_UNISTD_H
| # include <unistd.h>
| #endif
| 
| int
| main (void)
| {
| if (sizeof ((pid_t)))
| 	    return 0;
|   ;
|   return 0;
| }
configure:4977: result: yes
configure:5022: checking for gcc options needed to detect all undeclared functions
configure:5044: gcc -c  -O4   conftest.c >&5
conftest.c: In function 'main':
conftest.c:36:8: error: 'strchr' undeclared (first use in this function)
   36 | (void) strchr;
      |        ^~~~~~
conftest.c:1:1: note: 'strchr' is defined in header '<string.h>'; did you forget to '#include <string.h>'?
    1 | /* confdefs.h */
conftest.c:36:8: note: each undeclared identifier is reported only once for each function it appears in
   36 | (void) strchr;
      |        ^~~~~~
configure:5044: $? = 1
configure: failed program was:
| /* confdefs.h */
| #define PACKAGE_NAME "nauty"
| #define PACKAGE_TARNAME "nauty"
| #define PACKAGE_VERSION "2.9.1"
| #define PACKAGE_STRING "nauty 2.9.1"
| #define PACKAGE_BUGREPORT "brendan.mckay@anu.edu.au"
| #define PACKAGE_URL ""
| #define HAVE_FSEEKO 1
| #define HAVE_SYS_WAIT_H 1
| #define HAVE_STDIO_H 1
| #define HAVE_STDLIB_H 1
| #define HAVE_STRING_H 1
| #define HAVE_INTTYPES_H 1
| #define HAVE_STDINT_H 1
| #define HAVE_STRINGS_H 1
| #define HAVE_SYS_STAT_H 1
| #define HAVE_SYS_TYPES_H 1
| #define HAVE_UNISTD_H 1
| #define STDC_HEADERS 1
| #define HAVE_SIGNAL_H 1
| #define HAVE_STDDEF_H 1
| #define HAVE_UNISTD_H 1
| #define HAVE_SYS_TYPES_H 1
| #define HAVE_SYS_WAIT_H 1
| #define HAVE_STDLIB_H 1
| #define HAVE_STRING_H 1
| #define HAVE_ERRNO_H 1
| #define HAVE_LIMITS_H 1
| #define HAVE_STDINT_H 1
| #define HAVE_ENDIAN_H 1
| /* end confdefs.h.  */
| 
| int
| main (void)
| {
| (void) strchr;
|   ;
|   return 0;
| }
configure:5071: gcc -c  -O4   conftest.c >&5
configure:5071: $? = 0
configure:5091: result: none needed
configure:5105: checking whether ftell is declared
configure:5105: gcc -c  -O4   conftest.c >&5
configure:5105: $? = 0
configure:5105: result: yes
configure:5114: checking whether popen is declared
configure:5114: gcc -c  -O4   conftest.c >&5
configure:5114: $? = 0
configure:5114: result: yes
configure:5123: checking whether getc_unlocked is declared
configure:5123: gcc -c  -O4   conftest.c >&5
configure:5123: $? = 0
configure:5123: result: yes
configure:5132: checking whether flockfile is declared
configure:5132: gcc -c  -O4   conftest.c >&5
configure:5132: $? = 0
configure:5132: result: yes
configure:5141: checking whether fseeko is declared
configure:5141: gcc -c  -O4   conftest.c >&5
configure:5141: $? = 0
configure:5141: result: yes
configure:5151: checking whether gettimeofday is declared
configure:5151: gcc -c  -O4   conftest.c >&5
configure:5151: $? = 0
configure:5151: result: yes
configure:5164: checking whether fdopen is declared
configure:5164: gcc -c  -O4   conftest.c >&5
configure:5164: $? = 0
configure:5164: result: yes
configure:5184: checking whether putenv is declared
configure:5184: gcc -c  -O4   conftest.c >&5
configure:5184: $? = 0
configure:5184: result: yes
configure:5204: checking whether setenv is declared
configure:5204: gcc -c  -O4   conftest.c >&5
configure:5204: $? = 0
configure:5204: result: yes
configure:5224: checking whether sigaltstack is declared
configure:5224: gcc -c  -O4   conftest.c >&5
configure:5224: $? = 0
configure:5224: result: yes
configure:5246: checking whether malloc is declared
configure:5246: gcc -c  -O4   conftest.c >&5
configure:5246: $? = 0
configure:5246: result: yes
configure:5259: checking how to run the C preprocessor
configure:5285: gcc -E  conftest.c
configure:5285: $? = 0
configure:5301: gcc -E  conftest.c
conftest.c:32:10: fatal error: ac_nonexistent.h: No such file or directory
   32 | #include <ac_nonexistent.h>
      |          ^~~~~~~~~~~~~~~~~~
compilation terminated.
configure:5301: $? = 1
configure: failed program was:
| /* confdefs.h */
| #define PACKAGE_NAME "nauty"
| #define PACKAGE_TARNAME "nauty"
| #define PACKAGE_VERSION "2.9.1"
| #define PACKAGE_STRING "nauty 2.9.1"
| #define PACKAGE_BUGREPORT "brendan.mckay@anu.edu.au"
| #define PACKAGE_URL ""
| #define HAVE_FSEEKO 1
| #define HAVE_SYS_WAIT_H 1
| #define HAVE_STDIO_H 1
| #define HAVE_STDLIB_H 1
| #define HAVE_STRING_H 1
| #define HAVE_INTTYPES_H 1
| #define HAVE_STDINT_H 1
| #define HAVE_STRINGS_H 1
| #define HAVE_SYS_STAT_H 1
| #define HAVE_SYS_TYPES_H 1
| #define HAVE_UNISTD_H 1
| #define STDC_HEADERS 1
| #define HAVE_SIGNAL_H 1
| #define HAVE_STDDEF_H 1
| #define HAVE_UNISTD_H 1
| #define HAVE_SYS_TYPES_H 1
| #define HAVE_SYS_WAIT_H 1
| #define HAVE_STDLIB_H 1
| #define HAVE_STRING_H 1
| #define HAVE_ERRNO_H 1
| #define HAVE_LIMITS_H 1
| #define HAVE_STDINT_H 1
| #define HAVE_ENDIAN_H 1
| /* end confdefs.h.  */
| #include <ac_nonexistent.h>
configure:5330: result: gcc -E
configure:5344: gcc -E  conftest.c
configure:5344: $? = 0
configure:5360: gcc -E  conftest.c
conftest.c:32:10: fatal error: ac_nonexistent.h: No such file or directory
   32 | #include <ac_nonexistent.h>
      |          ^~~~~~~~~~~~~~~~~~
compilation terminated.
configure:5360: $? = 1
configure: failed program was:
| /* confdefs.h */
| #define PACKAGE_NAME "nauty"
| #define PACKAGE_TARNAME "nauty"
| #define PACKAGE_VERSION "2.9.1"
| #define PACKAGE_STRING "nauty 2.9.1"
| #define PACKAGE_BUGREPORT "brendan.mckay@anu.edu.au"
| #define PACKAGE_URL ""
| #define HAVE_FSEEKO 1
| #define HAVE_SYS_WAIT_H 1
| #define HAVE_STDIO_H 1
| #define HAVE_STDLIB_H 1
| #define HAVE_STRING_H 1
| #define HAVE_INTTYPES_H 1
| #define HAVE_STDINT_H 1
| #define HAVE_STRINGS_H 1
| #define HAVE_SYS_STAT_H 1
| #define HAVE_SYS_TYPES_H 1
| #define HAVE_UNISTD_H 1
| #define STDC_HEADERS 1
| #define HAVE_SIGNAL_H 1
| #define HAVE_STDDEF_H 1
| #define HAVE_UNISTD_H 1
| #define HAVE_SYS_TYPES_H 1
| #define HAVE_SYS_WAIT_H 1
| #define HAVE_STDLIB_H 1
| #define HAVE_STRING_H 1
| #define HAVE_ERRNO_H 1
| #define HAVE_LIMITS_H 1
| #define HAVE_STDINT_H 1
| #define HAVE_ENDIAN_H 1
| /* end confdefs.h.  */
| #include <ac_nonexistent.h>
configure:5393: checking for egrep -e
configure:5523: result: /usr/bin/grep -E
configure:5547: checking if compiler accepts flexible array members
configure:5561: gcc -c  -O4  conftest.c >&5
configure:5561: $? = 0
configure:5570: result: 1
configure:5580: checking size of int
configure:5586: gcc -o conftest  -O4   conftest.c  >&5
configure:5586: $? = 0
configure:5586: ./conftest
configure:5586: $? = 0
configure:5603: result: 4
configure:5616: checking size of long
configure:5622: gcc -o conftest  -O4   conftest.c  >&5
configure:5622: $? = 0
configure:5622: ./conftest
configure:5622: $? = 0
configure:5639: result: 8
configure:5652: checking size of long long
configure:5658: gcc -o conftest  -O4   conftest.c  >&5
configure:5658: $? = 0
configure:5658: ./conftest
configure:5658: $? = 0
configure:5675: result: 8
configure:5688: checking size of void*
configure:5694: gcc -o conftest  -O4   conftest.c  >&5
configure:5694: $? = 0
configure:5694: ./conftest
configure:5694: $? = 0
configure:5711: result: 8
configure:5726: checking size of __uint128_t
configure:5732: gcc -o conftest  -O4   conftest.c  >&5
configure:5732: $? = 0
configure:5732: ./conftest
configure:5732: $? = 0
configure:5749: result: 16
configure:5761: checking size of unsigned __int128
configure:5767: gcc -o conftest  -O4   conftest.c  >&5
configure:5767: $? = 0
configure:5767: ./conftest
configure:5767: $? = 0
configure:5784: result: 16
configure:5819: checking for isatty
configure:5819: gcc -o conftest  -O4   conftest.c  >&5
configure:5819: $? = 0
configure:5819: result: yes
configure:5829: checking for time
configure:5829: gcc -o conftest  -O4   conftest.c  >&5
configure:5829: $? = 0
configure:5829: result: yes
configure:5839: checking for gettimeofday
configure:5839: gcc -o conftest  -O4   conftest.c  >&5
configure:5839: $? = 0
configure:5839: result: yes
configure:5849: checking for clock_gettime
configure:5849: gcc -o conftest  -O4   conftest.c  >&5
configure:5849: $? = 0
configure:5849: result: yes
configure:5859: checking for clock
configure:5859: gcc -o conftest  -O4   conftest.c  >&5
configure:5859: $? = 0
configure:5859: result: yes
configure:5869: checking for times
configure:5869: gcc -o conftest  -O4   conftest.c  >&5
configure:5869: $? = 0
configure:5869: result: yes
configure:5879: checking for getrusage
configure:5879: gcc -o conftest  -O4   conftest.c  >&5
configure:5879: $? = 0
configure:5879: result: yes
configure:5889: checking for perror
configure:5889: gcc -o conftest  -O4   conftest.c  >&5
configure:5889: $? = 0
configure:5889: result: yes
configure:5899: checking for pipe
configure:5899: gcc -o conftest  -O4   conftest.c  >&5
configure:5899: $? = 0
configure:5899: result: yes
configure:5909: checking for wait
configure:5909: gcc -o conftest  -O4   conftest.c  >&5
configure:5909: $? = 0
configure:5909: result: yes
configure:5919: checking for popen
configure:5919: gcc -o conftest  -O4   conftest.c  >&5
configure:5919: $? = 0
configure:5919: result: yes
configure:5929: checking for putenv
configure:5929: gcc -o conftest  -O4   conftest.c  >&5
configure:5929: $? = 0
configure:5929: result: yes
configure:5939: checking for setenv
configure:5939: gcc -o conftest  -O4   conftest.c  >&5
configure:5939: $? = 0
configure:5939: result: yes
configure:5954: checking for fork
configure:5954: gcc -o conftest  -O4   conftest.c  >&5
conftest.c:54:6: warning: conflicting types for built-in function 'fork'; expected 'int(void)' [-Wbuiltin-declaration-mismatch]
   54 | char fork (void);
      |      ^~~~
configure:5954: $? = 0
configure:5954: result: yes
configure:5954: checking for vfork
configure:5954: gcc -o conftest  -O4   conftest.c  >&5
configure:5954: $? = 0
configure:5954: result: yes
configure:5967: checking for working fork
configure:5991: gcc -o conftest  -O4   conftest.c  >&5
configure:5991: $? = 0
configure:5991: ./conftest
configure:5991: $? = 0
configure:6005: result: yes
configure:6026: checking for working vfork
configure:6158: result: yes
configure:6190: checking for fseeko
configure:6190: gcc -o conftest  -O4   conftest.c  >&5
configure:6190: $? = 0
configure:6190: result: yes
configure:6200: checking for sigaction
configure:6200: gcc -o conftest  -O4   conftest.c  >&5
configure:6200: $? = 0
configure:6200: result: yes
configure:6210: checking for sigprocmask
configure:6210: gcc -o conftest  -O4   conftest.c  >&5
configure:6210: $? = 0
configure:6210: result: yes
configure:6220: checking for write
configure:6220: gcc -o conftest  -O4   conftest.c  >&5
configure:6220: $? = 0
configure:6220: result: yes
configure:6231: checking for grep that handles long lines and -e
configure:6297: result: /usr/bin/grep
configure:6302: checking for egrep
configure:6372: result: /usr/bin/grep -E
configure:6380: checking if popcnt instruction is available and requested
configure:6400: gcc -o conftest  -O4   conftest.c  >&5
configure:6400: $? = 0
configure:6400: ./conftest
configure:6400: $? = 0
configure:6430: result: 1
configure:6486: checking if __builtin_popcount() is supported
configure:6492: gcc -o conftest  -O4 -mpopcnt   conftest.c  >&5
configure:6492: $? = 0
configure:6501: result: 1
configure:6503: checking if __builtin_popcountl() is supported
configure:6509: gcc -o conftest  -O4 -mpopcnt   conftest.c  >&5
configure:6509: $? = 0
configure:6518: result: 1
configure:6520: checking if __builtin_popcountll() is supported
configure:6526: gcc -o conftest  -O4 -mpopcnt   conftest.c  >&5
configure:6526: $? = 0
configure:6535: result: 1
configure:6575: checking if gcc supports -march=native
configure:6585: gcc -c  -O4 -march=native  conftest.c >&5
conftest.c: In function 'main':
conftest.c:43:76: warning: ignoring return value of 'scanf' declared with attribute 'warn_unused_result' [-Wunused-result]
   43 |                                         int main() { double t; long int q; scanf("%ld",&q);
      |                                                                            ^~~~~~~~~~~~~~~
configure:6585: $? = 0
configure:6593: result: yes
configure:6644: checking if lzcnt instruction is available and requested
configure:6664: gcc -o conftest  -O4   conftest.c  >&5
configure:6664: $? = 0
configure:6664: ./conftest
configure:6664: $? = 0
configure:6690: result: 1
configure:6696: checking if __builtin_clz() is supported
configure:6702: gcc -o conftest  -O4   conftest.c  >&5
configure:6702: $? = 0
configure:6711: result: 1
configure:6713: checking if __builtin_clzl() is supported
configure:6719: gcc -o conftest  -O4   conftest.c  >&5
configure:6719: $? = 0
configure:6728: result: 1
configure:6730: checking if __builtin_clzll() is supported
configure:6736: gcc -o conftest  -O4   conftest.c  >&5
configure:6736: $? = 0
configure:6745: result: 1
configure:6772: checking for getc_unlocked
configure:6772: gcc -o conftest  -O4   conftest.c  >&5
configure:6772: $? = 0
configure:6772: result: yes
configure:6781: checking for flockfile
configure:6781: gcc -o conftest  -O4   conftest.c  >&5
configure:6781: $? = 0
configure:6781: result: yes
configure:6801: checking for noreturn attribute
configure:6821: gcc -c  -O4  conftest.c >&5
conftest.c:43:17: error: expected identifier or '(' before '[' token
   43 |                 [noreturn] void f() { exit(1); }
      |                 ^
conftest.c: In function 'main':
conftest.c:47:1: warning: implicit declaration of function 'f' [-Wimplicit-function-declaration]
   47 | f();
      | ^
configure:6821: $? = 1
configure: failed program was:
| /* confdefs.h */
| #define PACKAGE_NAME "nauty"
| #define PACKAGE_TARNAME "nauty"
| #define PACKAGE_VERSION "2.9.1"
| #define PACKAGE_STRING "nauty 2.9.1"
| #define PACKAGE_BUGREPORT "brendan.mckay@anu.edu.au"
| #define PACKAGE_URL ""
| #define HAVE_FSEEKO 1
| #define HAVE_SYS_WAIT_H 1
| #define HAVE_STDIO_H 1
| #define HAVE_STDLIB_H 1
| #define HAVE_STRING_H 1
| #define HAVE_INTTYPES_H 1
| #define HAVE_STDINT_H 1
| #define HAVE_STRINGS_H 1
| #define HAVE_SYS_STAT_H 1
| #define HAVE_SYS_TYPES_H 1
| #define HAVE_UNISTD_H 1
| #define STDC_HEADERS 1
| #define HAVE_SIGNAL_H 1
| #define HAVE_STDDEF_H 1
| #define HAVE_UNISTD_H 1
| #define HAVE_SYS_TYPES_H 1
| #define HAVE_SYS_WAIT_H 1
| #define HAVE_STDLIB_H 1
| #define HAVE_STRING_H 1
| #define HAVE_ERRNO_H 1
| #define HAVE_LIMITS_H 1
| #define HAVE_STDINT_H 1
| #define HAVE_ENDIAN_H 1
| #define SIZEOF_INT 4
| #define SIZEOF_LONG 8
| #define SIZEOF_LONG_LONG 8
| #define SIZEOF_VOIDP 8
| #define SIZEOF___UINT128_T 16
| #define SIZEOF_UNSIGNED___INT128 16
| #define HAVE_FORK 1
| #define HAVE_VFORK 1
| #define HAVE_WORKING_VFORK 1
| #define HAVE_WORKING_FORK 1
| /* end confdefs.h.  */
| #include <stdlib.h>
|                 [noreturn] void f() { exit(1); }
| int
| main (void)
| {
| f();
| 
|   ;
|   return 0;
| }
configure:6821: gcc -c  -O4  conftest.c >&5
configure:6821: $? = 0
configure:6833: result: _Noreturn
configure:6854: checking for thread local storage (TLS) class
configure:6873: gcc -c  -O4  conftest.c >&5
conftest.c: In function 'main':
conftest.c:47:21: error: expected ';' before 'int'
   47 | static  thread_local  int bar;
      |                     ^ ~~~
      |                     ;
configure:6873: $? = 1
configure: failed program was:
| /* confdefs.h */
| #define PACKAGE_NAME "nauty"
| #define PACKAGE_TARNAME "nauty"
| #define PACKAGE_VERSION "2.9.1"
| #define PACKAGE_STRING "nauty 2.9.1"
| #define PACKAGE_BUGREPORT "brendan.mckay@anu.edu.au"
| #define PACKAGE_URL ""
| #define HAVE_FSEEKO 1
| #define HAVE_SYS_WAIT_H 1
| #define HAVE_STDIO_H 1
| #define HAVE_STDLIB_H 1
| #define HAVE_STRING_H 1
| #define HAVE_INTTYPES_H 1
| #define HAVE_STDINT_H 1
| #define HAVE_STRINGS_H 1
| #define HAVE_SYS_STAT_H 1
| #define HAVE_SYS_TYPES_H 1
| #define HAVE_UNISTD_H 1
| #define STDC_HEADERS 1
| #define HAVE_SIGNAL_H 1
| #define HAVE_STDDEF_H 1
| #define HAVE_UNISTD_H 1
| #define HAVE_SYS_TYPES_H 1
| #define HAVE_SYS_WAIT_H 1
| #define HAVE_STDLIB_H 1
| #define HAVE_STRING_H 1
| #define HAVE_ERRNO_H 1
| #define HAVE_LIMITS_H 1
| #define HAVE_STDINT_H 1
| #define HAVE_ENDIAN_H 1
| #define SIZEOF_INT 4
| #define SIZEOF_LONG 8
| #define SIZEOF_LONG_LONG 8
| #define SIZEOF_VOIDP 8
| #define SIZEOF___UINT128_T 16
| #define SIZEOF_UNSIGNED___INT128 16
| #define HAVE_FORK 1
| #define HAVE_VFORK 1
| #define HAVE_WORKING_VFORK 1
| #define HAVE_WORKING_FORK 1
| #define NORET _Noreturn
| /* end confdefs.h.  */
| #include <stdlib.h>
| int
| main (void)
| {
| static  thread_local  int bar;
| 
|   ;
|   return 0;
| }
configure:6873: gcc -c  -O4  conftest.c >&5
configure:6873: $? = 0
configure:6885: result: _Thread_local
configure:6971: checking for gsort
configure:7007: result: no
configure:6971: checking for sort
configure:6992: found /usr/bin/sort
configure:7004: result: sort
configure:7027: checking if sort supports the -k switch
configure:7037: result: 1
configure:7040: checking if sort supports the -S switch
configure:7050: result: 1
configure:7057: checking for a race-free mkdir -p
configure:7100: result: /usr/bin/mkdir -p
configure:7118: checking for a BSD-compatible install
configure:7192: result: /usr/bin/install -c
configure:7225: checking for gunzip
configure:7246: found /usr/bin/gunzip
configure:7258: result: gunzip
configure:7327: checking how to print strings
configure:7354: result: printf
configure:7375: checking for a sed that does not truncate output
configure:7447: result: /usr/bin/sed
configure:7465: checking for fgrep
configure:7535: result: /usr/bin/grep -F
configure:7572: checking for ld used by gcc
configure:7641: result: /usr/bin/ld
configure:7648: checking if the linker (/usr/bin/ld) is GNU ld
configure:7665: result: yes
configure:7677: checking for BSD- or MS-compatible name lister (nm)
configure:7733: result: /usr/bin/nm -B
configure:7875: checking the name lister (/usr/bin/nm -B) interface
configure:7883: gcc -c  -O4  conftest.c >&5
configure:7886: /usr/bin/nm -B "conftest.o"
configure:7889: output
0000000000000000 B some_variable
configure:7897: result: BSD nm
configure:7900: checking whether ln -s works
configure:7904: result: yes
configure:7912: checking the maximum length of command line arguments
configure:8045: result: 1572864
configure:8093: checking how to convert x86_64-pc-linux-gnu file names to x86_64-pc-linux-gnu format
configure:8135: result: func_convert_file_noop
configure:8142: checking how to convert x86_64-pc-linux-gnu file names to toolchain format
configure:8164: result: func_convert_file_noop
configure:8171: checking for /usr/bin/ld option to reload object files
configure:8180: result: -r
configure:8213: checking for file
configure:8234: found /usr/bin/file
configure:8247: result: file
configure:8310: checking for objdump
configure:8331: found /usr/bin/objdump
configure:8343: result: objdump
configure:8375: checking how to recognize dependent libraries
configure:8584: result: pass_all
configure:8675: checking for dlltool
configure:8711: result: no
configure:8741: checking how to associate runtime and link libraries
configure:8770: result: printf %s\n
configure:8830: checking for ranlib
configure:8851: found /usr/bin/ranlib
configure:8863: result: ranlib
configure:8940: checking for ar
configure:8961: found /usr/bin/ar
configure:8973: result: ar
configure:9026: checking for archiver @FILE support
configure:9044: gcc -c  -O4  conftest.c >&5
configure:9044: $? = 0
configure:9048: ar cr libconftest.a @conftest.lst >&5
configure:9051: $? = 0
configure:9056: ar cr libconftest.a @conftest.lst >&5
ar: conftest.o: No such file or directory
configure:9059: $? = 1
configure:9072: result: @
configure:9136: checking for strip
configure:9157: found /usr/bin/strip
configure:9169: result: strip
configure:9247: checking for gawk
configure:9268: found /usr/bin/gawk
configure:9280: result: gawk
configure:9320: checking command to parse /usr/bin/nm -B output from gcc object
configure:9474: gcc -c  -O4  conftest.c >&5
configure:9477: $? = 0
configure:9481: /usr/bin/nm -B conftest.o | /usr/bin/sed -n -e 's/^.*[	 ]\([ABCDGIRSTW][ABCDGIRSTW]*\)[	 ][	 ]*\([_A-Za-z][_A-Za-z0-9]*\)$/\1 \2 \2/p' | /usr/bin/sed '/ __gnu_lto/d' > conftest.nm
configure:9547: gcc -o conftest  -O4   conftest.c conftstm.o >&5
configure:9550: $? = 0
configure:9589: result: ok
configure:9636: checking for sysroot
configure:9670: result: no
configure:9677: checking for a working dd
configure:9722: result: /usr/bin/dd
configure:9726: checking how to truncate binary pipes
configure:9743: result: /usr/bin/dd bs=4096 count=1
configure:9880: gcc -c  -O4  conftest.c >&5
configure:9883: $? = 0
configure:10083: checking for mt
configure:10119: result: no
configure:10139: checking if : is a manifest tool
configure:10146: : '-?'
configure:10155: result: no
configure:10948: checking for dlfcn.h
configure:10948: gcc -c  -O4  conftest.c >&5
configure:10948: $? = 0
configure:10948: result: yes
configure:11251: checking for objdir
configure:11268: result: .libs
configure:11530: checking if gcc supports -fno-rtti -fno-exceptions
configure:11549: gcc -c  -O4  -fno-rtti -fno-exceptions conftest.c >&5
cc1: warning: command-line option '-fno-rtti' is valid for C++/D/ObjC++ but not for C
configure:11553: $? = 0
configure:11567: result: no
configure:11940: checking for gcc option to produce PIC
configure:11949: result: -fPIC -DPIC
configure:11957: checking if gcc PIC flag -fPIC -DPIC works
configure:11976: gcc -c  -O4  -fPIC -DPIC -DPIC conftest.c >&5
configure:11980: $? = 0
configure:11994: result: yes
configure:12023: checking if gcc static flag -static works
configure:12053: result: yes
configure:12068: checking if gcc supports -c -o file.o
configure:12090: gcc -c  -O4  -o out/conftest2.o conftest.c >&5
configure:12094: $? = 0
configure:12117: result: yes
configure:12125: checking if gcc supports -c -o file.o
configure:12174: result: yes
configure:12207: checking whether the gcc linker (/usr/bin/ld -m elf_x86_64) supports shared libraries
configure:13491: result: yes
configure:13528: checking whether -lc should be explicitly linked in
configure:13537: gcc -c  -O4  conftest.c >&5
configure:13540: $? = 0
configure:13555: gcc -shared  -fPIC -DPIC conftest.o  -v -Wl,-soname -Wl,conftest -o conftest 2\>\&1 \| /usr/bin/grep  -lc  \>/dev/null 2\>\&1
configure:13558: $? = 0
configure:13573: result: no
configure:13733: checking dynamic linker characteristics
configure:14352: gcc -o conftest  -O4   -Wl,-rpath -Wl,/foo conftest.c  >&5
configure:14352: $? = 0
configure:15117: result: GNU/Linux ld.so
configure:15239: checking how to hardcode library paths into programs
configure:15264: result: immediate
configure:15864: checking whether stripping libraries is possible
configure:15873: result: yes
configure:15915: checking if libtool supports shared libraries
configure:15917: result: yes
configure:15920: checking whether to build shared libraries
configure:15945: result: yes
configure:15948: checking whether to build static libraries
configure:15952: result: yes
configure:16138: creating ./config.status

## ---------------------- ##
## Running config.status. ##
## ---------------------- ##

This file was extended by nauty config.status 2.9.1, which was
generated by GNU Autoconf 2.72.  Invocation command line was

  CONFIG_FILES    = 
  CONFIG_HEADERS  = 
  CONFIG_LINKS    = 
  CONFIG_COMMANDS = 
  $ ./config.status 

on shindesktop

config.status:1063: creating makefile
config.status:1063: creating nauty.h
config.status:1063: creating naututil.h
config.status:1063: creating gtools.h
config.status:1063: creating nauty.pc
config.status:1063: creating runalltests
config.status:1235: executing libtool commands

## ---------------- ##
## Cache variables. ##
## ---------------- ##

ac_cv_build=x86_64-pc-linux-gnu
ac_cv_c_compiler_gnu=yes
ac_cv_c_undeclared_builtin_options='none needed'
ac_cv_env_CC_set=
ac_cv_env_CC_value=
ac_cv_env_CFLAGS_set=
ac_cv_env_CFLAGS_value=
ac_cv_env_CPPFLAGS_set=
ac_cv_env_CPPFLAGS_value=
ac_cv_env_CPP_set=
ac_cv_env_CPP_value=
ac_cv_env_LDFLAGS_set=
ac_cv_env_LDFLAGS_value=
ac_cv_env_LIBS_set=
ac_cv_env_LIBS_value=
ac_cv_env_LT_SYS_LIBRARY_PATH_set=
ac_cv_env_LT_SYS_LIBRARY_PATH_value=
ac_cv_env_build_alias_set=
ac_cv_env_build_alias_value=
ac_cv_env_host_alias_set=
ac_cv_env_host_alias_value=
ac_cv_env_target_alias_set=
ac_cv_env_target_alias_value=
ac_cv_func_clock=yes
ac_cv_func_clock_gettime=yes
ac_cv_func_flockfile=yes
ac_cv_func_fork=yes
ac_cv_func_fork_works=yes
ac_cv_func_fseeko=yes
ac_cv_func_fseeko_ftello=yes
ac_cv_func_getc_unlocked=yes
ac_cv_func_getrusage=yes
ac_cv_func_gettimeofday=yes
ac_cv_func_isatty=yes
ac_cv_func_perror=yes
ac_cv_func_pipe=yes
ac_cv_func_popen=yes
ac_cv_func_putenv=yes
ac_cv_func_setenv=yes
ac_cv_func_sigaction=yes
ac_cv_func_sigprocmask=yes
ac_cv_func_time=yes
ac_cv_func_times=yes
ac_cv_func_vfork=yes
ac_cv_func_vfork_works=yes
ac_cv_func_wait=yes
ac_cv_func_write=yes
ac_cv_have_decl_fdopen=yes
ac_cv_have_decl_flockfile=yes
ac_cv_have_decl_fseeko=yes
ac_cv_have_decl_ftell=yes
ac_cv_have_decl_getc_unlocked=yes
ac_cv_have_decl_gettimeofday=yes
ac_cv_have_decl_malloc=yes
ac_cv_have_decl_popen=yes
ac_cv_have_decl_putenv=yes
ac_cv_have_decl_setenv=yes
ac_cv_have_decl_sigaltstack=yes
ac_cv_header_dlfcn_h=yes
ac_cv_header_endian_h=yes
ac_cv_header_errno_h=yes
ac_cv_header_inttypes_h=yes
ac_cv_header_limits_h=yes
ac_cv_header_signal_h=yes
ac_cv_header_stddef_h=yes
ac_cv_header_stdint_h=yes
ac_cv_header_stdio_h=yes
ac_cv_header_stdlib_h=yes
ac_cv_header_string_h=yes
ac_cv_header_strings_h=yes
ac_cv_header_sys_stat_h=yes
ac_cv_header_sys_types_h=yes
ac_cv_header_sys_wait_h=yes
ac_cv_header_unistd_h=yes
ac_cv_header_vfork_h=no
ac_cv_host=x86_64-pc-linux-gnu
ac_cv_native_ok=yes
ac_cv_noret=_Noreturn
ac_cv_objext=o
ac_cv_path_EGREP='/usr/bin/grep -E'
ac_cv_path_EGREP_TRADITIONAL='/usr/bin/grep -E'
ac_cv_path_FGREP='/usr/bin/grep -F'
ac_cv_path_GREP=/usr/bin/grep
ac_cv_path_SED=/usr/bin/sed
ac_cv_path_install='/usr/bin/install -c'
ac_cv_path_lt_DD=/usr/bin/dd
ac_cv_path_mkdir=/usr/bin/mkdir
ac_cv_prog_AWK=gawk
ac_cv_prog_CPP='gcc -E'
ac_cv_prog_FILECMD=file
ac_cv_prog_ac_ct_AR=ar
ac_cv_prog_ac_ct_CC=gcc
ac_cv_prog_ac_ct_OBJDUMP=objdump
ac_cv_prog_ac_ct_RANLIB=ranlib
ac_cv_prog_ac_ct_STRIP=strip
ac_cv_prog_cc_c11=
ac_cv_prog_cc_g=yes
ac_cv_prog_cc_stdc=
ac_cv_prog_gunzip_prog=gunzip
ac_cv_prog_sort_prog=sort
ac_cv_sizeof___uint128_t=16
ac_cv_sizeof_int=4
ac_cv_sizeof_long=8
ac_cv_sizeof_long_long=8
ac_cv_sizeof_unsigned___int128=16
ac_cv_sizeof_voidp=8
ac_cv_sys_file_offset_bits=0
ac_cv_sys_largefile_opts='none needed'
ac_cv_sys_largefile_source=0
ac_cv_tls=_Thread_local
ac_cv_try_cflags_ok=yes
ac_cv_type_pid_t=yes
lt_cv_ar_at_file=@
lt_cv_archive_cmds_need_lc=no
lt_cv_deplibs_check_method=pass_all
lt_cv_file_magic_cmd='$MAGIC_CMD'
lt_cv_file_magic_test_file=
lt_cv_ld_reload_flag=-r
lt_cv_nm_interface='BSD nm'
lt_cv_objdir=.libs
lt_cv_path_LD=/usr/bin/ld
lt_cv_path_NM='/usr/bin/nm -B'
lt_cv_path_manifest_tool=no
lt_cv_prog_compiler_c_o=yes
lt_cv_prog_compiler_pic='-fPIC -DPIC'
lt_cv_prog_compiler_pic_works=yes
lt_cv_prog_compiler_rtti_exceptions=no
lt_cv_prog_compiler_static_works=yes
lt_cv_prog_gnu_ld=yes
lt_cv_sharedlib_from_linklib_cmd='printf %s\n'
lt_cv_shlibpath_overrides_runpath=yes
lt_cv_sys_global_symbol_pipe='/usr/bin/sed -n -e '\''s/^.*[	 ]\([ABCDGIRSTW][ABCDGIRSTW]*\)[	 ][	 ]*\([_A-Za-z][_A-Za-z0-9]*\)$/\1 \2 \2/p'\'' | /usr/bin/sed '\''/ __gnu_lto/d'\'''
lt_cv_sys_global_symbol_to_c_name_address='/usr/bin/sed -n -e '\''s/^: \(.*\) .*$/  {"\1", (void *) 0},/p'\'' -e '\''s/^[ABCDGIRSTW][ABCDGIRSTW]* .* \(.*\)$/  {"\1", (void *) \&\1},/p'\'''
lt_cv_sys_global_symbol_to_c_name_address_lib_prefix='/usr/bin/sed -n -e '\''s/^: \(.*\) .*$/  {"\1", (void *) 0},/p'\'' -e '\''s/^[ABCDGIRSTW][ABCDGIRSTW]* .* \(lib.*\)$/  {"\1", (void *) \&\1},/p'\'' -e '\''s/^[ABCDGIRSTW][ABCDGIRSTW]* .* \(.*\)$/  {"lib\1", (void *) \&\1},/p'\'''
lt_cv_sys_global_symbol_to_cdecl='/usr/bin/sed -n -e '\''s/^T .* \(.*\)$/extern int \1();/p'\'' -e '\''s/^[ABCDGIRSTW][ABCDGIRSTW]* .* \(.*\)$/extern char \1;/p'\'''
lt_cv_sys_global_symbol_to_import=
lt_cv_sys_max_cmd_len=1572864
lt_cv_to_host_file_cmd=func_convert_file_noop
lt_cv_to_tool_file_cmd=func_convert_file_noop
lt_cv_truncate_bin='/usr/bin/dd bs=4096 count=1'

## ----------------- ##
## Output variables. ##
## ----------------- ##

AR='ar'
AWK='gawk'
CC='gcc'
CFLAGS=' -O4'
CPP='gcc -E'
CPPFLAGS=''
DEFS='-DPACKAGE_NAME=\"nauty\" -DPACKAGE_TARNAME=\"nauty\" -DPACKAGE_VERSION=\"2.9.1\" -DPACKAGE_STRING=\"nauty\ 2.9.1\" -DPACKAGE_BUGREPORT=\"brendan.mckay@anu.edu.au\" -DPACKAGE_URL=\"\" -DHAVE_FSEEKO=1 -DHAVE_SYS_WAIT_H=1 -DHAVE_STDIO_H=1 -DHAVE_STDLIB_H=1 -DHAVE_STRING_H=1 -DHAVE_INTTYPES_H=1 -DHAVE_STDINT_H=1 -DHAVE_STRINGS_H=1 -DHAVE_SYS_STAT_H=1 -DHAVE_SYS_TYPES_H=1 -DHAVE_UNISTD_H=1 -DSTDC_HEADERS=1 -DHAVE_SIGNAL_H=1 -DHAVE_STDDEF_H=1 -DHAVE_UNISTD_H=1 -DHAVE_SYS_TYPES_H=1 -DHAVE_SYS_WAIT_H=1 -DHAVE_STDLIB_H=1 -DHAVE_STRING_H=1 -DHAVE_ERRNO_H=1 -DHAVE_LIMITS_H=1 -DHAVE_STDINT_H=1 -DHAVE_ENDIAN_H=1 -DSIZEOF_INT=4 -DSIZEOF_LONG=8 -DSIZEOF_LONG_LONG=8 -DSIZEOF_VOIDP=8 -DSIZEOF___UINT128_T=16 -DSIZEOF_UNSIGNED___INT128=16 -DHAVE_FORK=1 -DHAVE_VFORK=1 -DHAVE_WORKING_VFORK=1 -DHAVE_WORKING_FORK=1 -DNORET=_Noreturn -DTLS=_Thread_local -DHAVE_DLFCN_H=1 -DLT_OBJDIR=\".libs/\"'
DLLTOOL='false'
DSYMUTIL=''
DUMPBIN=''
ECHO_C=''
ECHO_N='-n'
ECHO_T=''
EGREP='/usr/bin/grep -E'
EXEEXT=''
FGREP='/usr/bin/grep -F'
FILECMD='file'
GREP='/usr/bin/grep'
INSTALL_DATA='${INSTALL} -m 644'
INSTALL_PROGRAM='${INSTALL}'
INSTALL_SCRIPT='${INSTALL}'
LD='/usr/bin/ld -m elf_x86_64'
LDFLAGS=''
LIBOBJS=''
LIBS=''
LIBTOOL='$(SHELL) $(top_builddir)/libtool'
LIPO=''
LN_S='ln -s'
LTLIBOBJS=''
LT_SYS_LIBRARY_PATH=''
MANIFEST_TOOL=':'
MKDIR_P='/usr/bin/mkdir -p'
MORECFLAGS=' -mpopcnt -march=native'
NM='/usr/bin/nm -B'
NMEDIT=''
OBJDUMP='objdump'
OBJEXT='o'
OTOOL64=''
OTOOL=''
PACKAGE_BUGREPORT='brendan.mckay@anu.edu.au'
PACKAGE_NAME='nauty'
PACKAGE_STRING='nauty 2.9.1'
PACKAGE_TARNAME='nauty'
PACKAGE_URL=''
PACKAGE_VERSION='2.9.1'
PATH_SEPARATOR=':'
Qlibs_or_null='libnautyQ1.la libnautyQ.la'
RANLIB='ranlib'
SED='/usr/bin/sed'
SHELL='/bin/bash'
STRIP='strip'
TLSQlibs_or_null='libnautyTQ1.la libnautyTQ.la'
ac_ct_AR='ar'
ac_ct_CC='gcc'
ac_ct_DUMPBIN=''
ac_cv_noret='_Noreturn'
ac_cv_sizeof___uint128_t='16'
ac_cv_sizeof_int='4'
ac_cv_sizeof_long='8'
ac_cv_sizeof_long_long='8'
ac_cv_sizeof_unsigned___int128='16'
ac_cv_sizeof_voidp='8'
ac_cv_sys_largefile_source='0'
ac_cv_tls='_Thread_local'
allow_interrupt='1'
bindir='${exec_prefix}/bin'
build='x86_64-pc-linux-gnu'
build_alias=''
build_cpu='x86_64'
build_os='linux-gnu'
build_vendor='pc'
cygnoun=''
datadir='${datarootdir}'
datarootdir='${prefix}/share'
default_wordsize='0'
docdir='${datarootdir}/doc/${PACKAGE_TARNAME}'
dvidir='${docdir}'
edit_msg='++++++ This file is automatically generated, don'\''t edit it by hand! ++++++'
exec_prefix='${prefix}'
fdopen_dec='1'
flex_array_ok='1'
flockfile_dec='1'
fseeko_dec='1'
ftell_dec='1'
gettimeofday_dec='1'
gunzip_prog='gunzip'
have_ansicontrols='0'
have_clock='1'
have_clock_gettime='1'
have_clz='1'
have_clzl='1'
have_clzll='1'
have_flockfile='1'
have_fork='1'
have_fseeko='1'
have_getrusage='1'
have_gettimeofday='1'
have_gunzip='1'
have_hwlzcnt='1'
have_hwpopcnt='1'
have_isatty='1'
have_mmpop32='0'
have_mmpop64='0'
have_perror='1'
have_pid_t='1'
have_pipe='1'
have_popcnt='1'
have_popcntl='1'
have_popcntll='1'
have_popen='1'
have_putenv='1'
have_setenv='1'
have_sigaction='1'
have_sigprocmask='1'
have_time='1'
have_times='1'
have_wait='1'
have_write='1'
header_endian_h='1'
header_errno_h='1'
header_limits_h='1'
header_signal_h='1'
header_stddef_h='1'
header_stdint_h='1'
header_stdlib_h='1'
header_string_h='1'
header_sys_types_h='1'
header_sys_wait_h='1'
header_unistd_h='1'
host='x86_64-pc-linux-gnu'
host_alias=''
host_cpu='x86_64'
host_os='linux-gnu'
host_vendor='pc'
htmldir='${docdir}'
includedir='${prefix}/include'
infodir='${datarootdir}/info'
is_ARM64='0'
libdir='${exec_prefix}/lib'
libexecdir='${exec_prefix}/libexec'
localedir='${datarootdir}/locale'
localstatedir='${prefix}/var'
malloc_dec='1'
mandir='${datarootdir}/man'
nautests='nautest nautestS nautestW nautestL nautestQ'
nauty_largefile='0'
oldincludedir='/usr/include'
pdfdir='${docdir}'
pkgconfigdir='${libdir}/pkgconfig'
popen_dec='1'
prefix='/usr/local'
program_transform_name='s,x,x,'
psdir='${docdir}'
putenv_dec='1'
runonetestQ='runonetest "$1" "$2" "$3"'
runstatedir='${localstatedir}/run'
sbindir='${exec_prefix}/sbin'
setenv_dec='1'
sharedstatedir='${prefix}/com'
shortg_or_null='shortg'
sigaltstack_dec='1'
sort_newparams_ok='1'
sort_prog='sort'
sort_size_ok='1'
stdio_nolock='1'
sysconfdir='${prefix}/etc'
target_alias=''
testprogs='dreadtest dreadtestS dreadtestS1 dreadtest4K dreadtest1 dreadtestW dreadtestW1 dreadtestL dreadtestL1 dreadtestQ dreadtestQ1'
tls_supported='1'
unlocked_dec='1'
use_tls=''

## ----------- ##
## confdefs.h. ##
## ----------- ##

/* confdefs.h */
#define PACKAGE_NAME "nauty"
#define PACKAGE_TARNAME "nauty"
#define PACKAGE_VERSION "2.9.1"
#define PACKAGE_STRING "nauty 2.9.1"
#define PACKAGE_BUGREPORT "brendan.mckay@anu.edu.au"
#define PACKAGE_URL ""
#define HAVE_FSEEKO 1
#define HAVE_SYS_WAIT_H 1
#define HAVE_STDIO_H 1
#define HAVE_STDLIB_H 1
#define HAVE_STRING_H 1
#define HAVE_INTTYPES_H 1
#define HAVE_STDINT_H 1
#define HAVE_STRINGS_H 1
#define HAVE_SYS_STAT_H 1
#define HAVE_SYS_TYPES_H 1
#define HAVE_UNISTD_H 1
#define STDC_HEADERS 1
#define HAVE_SIGNAL_H 1
#define HAVE_STDDEF_H 1
#define HAVE_UNISTD_H 1
#define HAVE_SYS_TYPES_H 1
#define HAVE_SYS_WAIT_H 1
#define HAVE_STDLIB_H 1
#define HAVE_STRING_H 1
#define HAVE_ERRNO_H 1
#define HAVE_LIMITS_H 1
#define HAVE_STDINT_H 1
#define HAVE_ENDIAN_H 1
#define SIZEOF_INT 4
#define SIZEOF_LONG 8
#define SIZEOF_LONG_LONG 8
#define SIZEOF_VOIDP 8
#define SIZEOF___UINT128_T 16
#define SIZEOF_UNSIGNED___INT128 16
#define HAVE_FORK 1
#define HAVE_VFORK 1
#define HAVE_WORKING_VFORK 1
#define HAVE_WORKING_FORK 1
#define NORET _Noreturn
#define TLS _Thread_local
#define HAVE_DLFCN_H 1
#define LT_OBJDIR ".libs/"

configure: exit 0
